<?xml version="1.0" encoding="UTF-8"?>
<!-- Generated by org.testng.reporters.JUnitReportReporter -->
<testsuite hostname="9T75HG3" failures="0" tests="1" name="Stepdefinition.Amazondefinition" time="27.708" errors="0" timestamp="2022-05-26T18:11:20 IST" skipped="0">
  <testcase classname="Stepdefinition.Amazondefinition" name="logintoAmazon" time="27.708"/>
  <system-out/>
</testsuite> <!-- Stepdefinition.Amazondefinition -->
